c:\users\dmitry\source\repos\assemblyconfigurator\assemblyconfigurator\debug\assemblyconfigurator.pch
c:\users\dmitry\source\repos\assemblyconfigurator\assemblyconfigurator\debug\vc141.pdb
c:\users\dmitry\source\repos\assemblyconfigurator\assemblyconfigurator\debug\vc141.idb
c:\users\dmitry\source\repos\assemblyconfigurator\assemblyconfigurator\debug\stdafx.obj
c:\users\dmitry\source\repos\assemblyconfigurator\assemblyconfigurator\debug\mainfrm.obj
c:\users\dmitry\source\repos\assemblyconfigurator\assemblyconfigurator\debug\cassemblyconfiguratortreeview.obj
c:\users\dmitry\source\repos\assemblyconfigurator\assemblyconfigurator\debug\assemblyconfiguratorview.obj
c:\users\dmitry\source\repos\assemblyconfigurator\assemblyconfigurator\debug\assemblyconfigurator.obj
c:\users\dmitry\source\repos\assemblyconfigurator\assemblyconfigurator\debug\assemblyconfiguratordoc.obj
c:\users\dmitry\source\repos\assemblyconfigurator\debug\assemblyconfigurator.exe
c:\users\dmitry\source\repos\assemblyconfigurator\debug\assemblyconfigurator.ilk
c:\users\dmitry\source\repos\assemblyconfigurator\debug\assemblyconfigurator.pdb
c:\users\dmitry\source\repos\assemblyconfigurator\assemblyconfigurator\debug\assemblyconfigurator.res
c:\users\dmitry\source\repos\assemblyconfigurator\assemblyconfigurator\debug\rxinventor.tli
c:\users\dmitry\source\repos\assemblyconfigurator\assemblyconfigurator\debug\rxinventor.tlh
c:\users\dmitry\source\repos\assemblyconfigurator\assemblyconfigurator\debug\assembly.fca5d566.tlog\cl.command.1.tlog
c:\users\dmitry\source\repos\assemblyconfigurator\assemblyconfigurator\debug\assembly.fca5d566.tlog\cl.read.1.tlog
c:\users\dmitry\source\repos\assemblyconfigurator\assemblyconfigurator\debug\assembly.fca5d566.tlog\cl.write.1.tlog
c:\users\dmitry\source\repos\assemblyconfigurator\assemblyconfigurator\debug\assembly.fca5d566.tlog\link.command.1.tlog
c:\users\dmitry\source\repos\assemblyconfigurator\assemblyconfigurator\debug\assembly.fca5d566.tlog\link.read.1.tlog
c:\users\dmitry\source\repos\assemblyconfigurator\assemblyconfigurator\debug\assembly.fca5d566.tlog\link.write.1.tlog
c:\users\dmitry\source\repos\assemblyconfigurator\assemblyconfigurator\debug\assembly.fca5d566.tlog\rc.command.1.tlog
c:\users\dmitry\source\repos\assemblyconfigurator\assemblyconfigurator\debug\assembly.fca5d566.tlog\rc.read.1.tlog
c:\users\dmitry\source\repos\assemblyconfigurator\assemblyconfigurator\debug\assembly.fca5d566.tlog\rc.write.1.tlog
